2023-10-16 10:49:42:INFO:clutch: 1
2023-10-16 10:49:42:INFO:# chrome process: 0, # seconds since last reboot: 1.27
2023-10-16 10:49:42:INFO:2023-10-16 10:49:42.822348
2023-10-16 10:49:42:INFO:killing and restart begin...
2023-10-16 10:49:48:INFO:7.29 seconds since last restart...
2023-10-16 10:50:33:INFO:clutch: 0
2023-10-16 10:50:33:INFO:# chrome process: 0, # seconds since last reboot: 44.88
2023-10-16 10:50:33:INFO:2023-10-16 10:50:33.723722
2023-10-16 10:50:33:INFO:killing and restart begin...
2023-10-16 10:50:54:INFO:EXIT
2023-10-16 10:54:52:INFO:clutch: 1
2023-10-16 10:54:53:INFO:# chrome process: 0, # seconds since last reboot: 1.38
2023-10-16 10:54:53:INFO:2023-10-16 10:54:53.179867
2023-10-16 10:54:53:INFO:killing and restart begin...
2023-10-16 10:55:00:INFO:8.79 seconds since last restart...
2023-10-16 10:55:05:INFO:clutch: 0
2023-10-16 10:55:05:INFO:# chrome process: 0, # seconds since last reboot: 4.85
2023-10-16 10:55:05:INFO:2023-10-16 10:55:05.431689
2023-10-16 10:55:05:INFO:killing and restart begin...
2023-10-16 10:55:28:INFO:EXIT
2023-10-16 10:59:40:INFO:clutch: 1
2023-10-16 10:59:40:INFO:# chrome process: 0, # seconds since last reboot: 1.81
2023-10-16 10:59:40:INFO:2023-10-16 10:59:40.659161
2023-10-16 10:59:40:INFO:killing and restart begin...
2023-10-16 10:59:47:INFO:8.20 seconds since last restart...
2023-10-16 10:59:56:INFO:Sorry, times up
2023-10-16 10:59:57:INFO:# chrome process: 0, # seconds since last reboot: 10.24
2023-10-16 10:59:59:INFO:Sorry, times up
2023-10-16 10:59:59:INFO:# chrome process: 0, # seconds since last reboot: 12.77
2023-10-16 11:00:00:INFO:clutch: 0
2023-10-16 11:00:01:INFO:# chrome process: 0, # seconds since last reboot: 14.44
2023-10-16 11:00:01:INFO:2023-10-16 11:00:01.493471
2023-10-16 11:00:01:INFO:killing and restart begin...
2023-10-16 11:00:23:INFO:EXIT
2023-10-16 11:01:42:INFO:clutch: 1
2023-10-16 11:01:42:INFO:# chrome process: 0, # seconds since last reboot: 1.47
2023-10-16 11:01:42:INFO:2023-10-16 11:01:42.832848
2023-10-16 11:01:42:INFO:killing and restart begin...
2023-10-16 11:01:50:INFO:9.23 seconds since last restart...
2023-10-16 11:01:59:INFO:clutch: 0
2023-10-16 11:01:59:INFO:# chrome process: 0, # seconds since last reboot: 8.74
2023-10-16 11:01:59:INFO:2023-10-16 11:01:59.335059
2023-10-16 11:01:59:INFO:killing and restart begin...
2023-10-16 11:02:21:INFO:EXIT
2023-10-16 11:20:41:INFO:clutch: 1
2023-10-16 11:20:41:INFO:# chrome process: 0, # seconds since last reboot: 1.40
2023-10-16 11:20:41:INFO:2023-10-16 11:20:41.885063
2023-10-16 11:20:41:INFO:killing and restart begin...
2023-10-16 11:20:49:INFO:9.16 seconds since last restart...
2023-10-16 11:20:54:INFO:clutch: 0
2023-10-16 11:20:54:INFO:# chrome process: 0, # seconds since last reboot: 5.05
2023-10-16 11:20:54:INFO:2023-10-16 11:20:54.699748
2023-10-16 11:20:54:INFO:killing and restart begin...
2023-10-16 11:21:16:INFO:EXIT
2023-10-16 11:23:14:INFO:clutch: 1
2023-10-16 11:23:14:INFO:# chrome process: 0, # seconds since last reboot: 1.13
2023-10-16 11:23:14:INFO:2023-10-16 11:23:14.548505
2023-10-16 11:23:14:INFO:killing and restart begin...
2023-10-16 11:23:21:INFO:8.06 seconds since last restart...
2023-10-16 11:23:27:INFO:Sorry, times up
2023-10-16 11:23:27:INFO:# chrome process: 0, # seconds since last reboot: 6.32
2023-10-16 11:23:33:INFO:clutch: 0
2023-10-16 11:23:33:INFO:# chrome process: 0, # seconds since last reboot: 12.26
2023-10-16 11:23:33:INFO:2023-10-16 11:23:33.736868
2023-10-16 11:23:33:INFO:killing and restart begin...
2023-10-16 11:23:56:INFO:EXIT
2023-10-16 14:00:47:INFO:clutch: 1
2023-10-16 14:00:47:INFO:# chrome process: 0, # seconds since last reboot: 1.10
2023-10-16 14:00:47:INFO:2023-10-16 14:00:47.736054
2023-10-16 14:00:47:INFO:killing and restart begin...
2023-10-16 14:00:54:INFO:7.74 seconds since last restart...
2023-10-16 14:02:07:INFO:clutch: 0
2023-10-16 14:02:08:INFO:# chrome process: 0, # seconds since last reboot: 73.95
2023-10-16 14:02:08:INFO:2023-10-16 14:02:08.331610
2023-10-16 14:02:08:INFO:killing and restart begin...
2023-10-16 14:02:30:INFO:EXIT
2023-10-16 14:42:16:INFO:clutch: 1
2023-10-16 14:42:16:INFO:# chrome process: 13, # seconds since last reboot: 1.08
2023-10-16 14:42:16:INFO:2023-10-16 14:42:16.688812
2023-10-16 14:42:16:INFO:killing and restart begin...
2023-10-16 14:42:31:INFO:15.56 seconds since last restart...
2023-10-16 14:44:31:INFO:Sorry, times up
2023-10-16 14:44:31:INFO:# chrome process: 0, # seconds since last reboot: 120.41
2023-10-16 14:44:34:INFO:clutch: 0
2023-10-16 14:44:35:INFO:# chrome process: 0, # seconds since last reboot: 124.04
2023-10-16 14:44:35:INFO:2023-10-16 14:44:35.205058
2023-10-16 14:44:35:INFO:killing and restart begin...
2023-10-16 14:44:59:INFO:EXIT
2023-10-16 14:45:47:INFO:clutch: 1
2023-10-16 14:45:47:INFO:# chrome process: 0, # seconds since last reboot: 0.85
2023-10-16 14:45:47:INFO:2023-10-16 14:45:47.910231
2023-10-16 14:45:47:INFO:killing and restart begin...
2023-10-16 14:45:55:INFO:8.40 seconds since last restart...
2023-10-16 14:47:55:INFO:Sorry, times up
2023-10-16 14:47:55:INFO:# chrome process: 0, # seconds since last reboot: 120.50
2023-10-16 14:49:55:INFO:Sorry, times up
2023-10-16 14:49:56:INFO:# chrome process: 0, # seconds since last reboot: 240.93
2023-10-16 14:51:56:INFO:Sorry, times up
2023-10-16 14:51:56:INFO:# chrome process: 0, # seconds since last reboot: 361.42
2023-10-16 14:53:56:INFO:Sorry, times up
2023-10-16 14:53:57:INFO:# chrome process: 0, # seconds since last reboot: 481.97
2023-10-16 14:55:57:INFO:Sorry, times up
2023-10-16 14:55:57:INFO:# chrome process: 0, # seconds since last reboot: 602.40
2023-10-16 14:57:57:INFO:Sorry, times up
2023-10-16 14:57:58:INFO:# chrome process: 0, # seconds since last reboot: 722.85
2023-10-16 14:59:58:INFO:Sorry, times up
2023-10-16 14:59:58:INFO:# chrome process: 0, # seconds since last reboot: 843.30
2023-10-16 15:01:44:INFO:clutch: 0
2023-10-16 15:01:45:INFO:# chrome process: 0, # seconds since last reboot: 949.93
2023-10-16 15:01:45:INFO:2023-10-16 15:01:45.396848
2023-10-16 15:01:45:INFO:killing and restart begin...
2023-10-16 15:02:09:INFO:EXIT
2023-10-16 15:02:13:INFO:clutch: 1
2023-10-16 15:02:14:INFO:# chrome process: 0, # seconds since last reboot: 1.31
2023-10-16 15:02:14:INFO:2023-10-16 15:02:14.124044
2023-10-16 15:02:14:INFO:killing and restart begin...
2023-10-16 15:02:21:INFO:8.72 seconds since last restart...
2023-10-16 15:02:27:INFO:clutch: 1
2023-10-16 15:02:27:INFO:# chrome process: 0, # seconds since last reboot: 6.39
2023-10-16 15:02:27:INFO:2023-10-16 15:02:27.934134
2023-10-16 15:02:27:INFO:killing and restart begin...
2023-10-16 15:02:40:INFO:18.88 seconds since last restart...
2023-10-16 15:02:44:INFO:clutch: 0
2023-10-16 15:02:45:INFO:# chrome process: 0, # seconds since last reboot: 4.58
2023-10-16 15:02:45:INFO:2023-10-16 15:02:45.006269
2023-10-16 15:02:45:INFO:killing and restart begin...
2023-10-16 15:03:08:INFO:EXIT
2023-10-16 15:04:17:INFO:clutch: 1
2023-10-16 15:04:17:INFO:# chrome process: 0, # seconds since last reboot: 1.19
2023-10-16 15:04:17:INFO:2023-10-16 15:04:17.776061
2023-10-16 15:04:17:INFO:killing and restart begin...
2023-10-16 15:04:25:INFO:9.00 seconds since last restart...
2023-10-16 15:06:25:INFO:Sorry, times up
2023-10-16 15:06:26:INFO:# chrome process: 0, # seconds since last reboot: 120.56
2023-10-16 15:07:51:INFO:clutch: 1
2023-10-16 15:07:51:INFO:# chrome process: 0, # seconds since last reboot: 206.15
2023-10-16 15:07:51:INFO:2023-10-16 15:07:51.738941
2023-10-16 15:07:51:INFO:killing and restart begin...
2023-10-16 15:08:04:INFO:219.12 seconds since last restart...
2023-10-16 15:08:13:INFO:clutch: 0
2023-10-16 15:08:13:INFO:# chrome process: 0, # seconds since last reboot: 8.75
2023-10-16 15:08:13:INFO:2023-10-16 15:08:13.451528
2023-10-16 15:08:13:INFO:killing and restart begin...
2023-10-16 15:08:37:INFO:EXIT
2023-10-16 15:08:47:INFO:clutch: 1
2023-10-16 15:08:48:INFO:# chrome process: 0, # seconds since last reboot: 0.91
2023-10-16 15:08:48:INFO:2023-10-16 15:08:48.398954
2023-10-16 15:08:48:INFO:killing and restart begin...
2023-10-16 15:08:56:INFO:8.68 seconds since last restart...
2023-10-16 15:10:56:INFO:Sorry, times up
2023-10-16 15:10:56:INFO:# chrome process: 0, # seconds since last reboot: 120.41
2023-10-16 15:11:28:INFO:clutch: 1
2023-10-16 15:11:28:INFO:# chrome process: 0, # seconds since last reboot: 152.25
2023-10-16 15:11:28:INFO:2023-10-16 15:11:28.414299
2023-10-16 15:11:28:INFO:killing and restart begin...
2023-10-16 15:11:41:INFO:165.01 seconds since last restart...
2023-10-16 15:12:03:INFO:Sorry, times up
2023-10-16 15:12:04:INFO:# chrome process: 0, # seconds since last reboot: 22.90
2023-10-16 15:12:05:INFO:clutch: 1
2023-10-16 15:12:05:INFO:# chrome process: 0, # seconds since last reboot: 24.70
2023-10-16 15:12:05:INFO:2023-10-16 15:12:05.873841
2023-10-16 15:12:05:INFO:killing and restart begin...
2023-10-16 15:12:18:INFO:37.39 seconds since last restart...
2023-10-16 15:14:18:INFO:Sorry, times up
2023-10-16 15:14:19:INFO:# chrome process: 0, # seconds since last reboot: 120.46
2023-10-16 15:16:19:INFO:Sorry, times up
2023-10-16 15:16:19:INFO:# chrome process: 0, # seconds since last reboot: 240.91
2023-10-16 15:16:36:INFO:clutch: 1
2023-10-16 15:16:37:INFO:# chrome process: 0, # seconds since last reboot: 258.44
2023-10-16 15:16:37:INFO:2023-10-16 15:16:37.000327
2023-10-16 15:16:37:INFO:killing and restart begin...
2023-10-16 15:16:49:INFO:271.34 seconds since last restart...
2023-10-16 15:17:10:INFO:clutch: 1
2023-10-16 15:17:10:INFO:# chrome process: 0, # seconds since last reboot: 20.83
2023-10-16 15:17:10:INFO:2023-10-16 15:17:10.728051
2023-10-16 15:17:10:INFO:killing and restart begin...
2023-10-16 15:17:23:INFO:33.58 seconds since last restart...
2023-10-16 15:17:58:INFO:clutch: 0
2023-10-16 15:17:59:INFO:# chrome process: 0, # seconds since last reboot: 35.66
2023-10-16 15:17:59:INFO:2023-10-16 15:17:59.148231
2023-10-16 15:17:59:INFO:killing and restart begin...
2023-10-16 15:18:23:INFO:EXIT
2023-10-16 15:20:44:INFO:clutch: 1
2023-10-16 15:20:44:INFO:# chrome process: 0, # seconds since last reboot: 1.10
2023-10-16 15:20:44:INFO:2023-10-16 15:20:44.813182
2023-10-16 15:20:44:INFO:killing and restart begin...
2023-10-16 15:20:52:INFO:9.14 seconds since last restart...
2023-10-16 15:21:19:INFO:clutch: 1
2023-10-16 15:21:19:INFO:# chrome process: 0, # seconds since last reboot: 26.67
2023-10-16 15:21:19:INFO:2023-10-16 15:21:19.526320
2023-10-16 15:21:19:INFO:killing and restart begin...
2023-10-16 15:21:32:INFO:39.54 seconds since last restart...
2023-10-16 15:23:32:INFO:Sorry, times up
2023-10-16 15:23:32:INFO:# chrome process: 0, # seconds since last reboot: 120.45
2023-10-16 15:25:32:INFO:Sorry, times up
2023-10-16 15:25:33:INFO:# chrome process: 0, # seconds since last reboot: 240.88
2023-10-16 15:27:33:INFO:Sorry, times up
2023-10-16 15:27:33:INFO:# chrome process: 0, # seconds since last reboot: 361.31
2023-10-16 15:28:04:INFO:clutch: 1
2023-10-16 15:28:05:INFO:# chrome process: 0, # seconds since last reboot: 392.62
2023-10-16 15:28:05:INFO:2023-10-16 15:28:05.014682
2023-10-16 15:28:05:INFO:killing and restart begin...
2023-10-16 15:28:17:INFO:405.34 seconds since last restart...
2023-10-16 15:30:17:INFO:Sorry, times up
2023-10-16 15:30:18:INFO:# chrome process: 0, # seconds since last reboot: 120.44
2023-10-16 15:32:18:INFO:Sorry, times up
2023-10-16 15:32:18:INFO:# chrome process: 0, # seconds since last reboot: 240.92
2023-10-16 15:34:18:INFO:Sorry, times up
2023-10-16 15:34:19:INFO:# chrome process: 0, # seconds since last reboot: 361.40
2023-10-16 15:36:19:INFO:Sorry, times up
2023-10-16 15:36:19:INFO:# chrome process: 0, # seconds since last reboot: 481.92
2023-10-16 15:38:19:INFO:Sorry, times up
2023-10-16 15:38:20:INFO:# chrome process: 0, # seconds since last reboot: 602.40
2023-10-16 15:40:20:INFO:Sorry, times up
2023-10-16 15:40:20:INFO:# chrome process: 0, # seconds since last reboot: 722.88
2023-10-16 15:42:20:INFO:Sorry, times up
2023-10-16 15:42:21:INFO:# chrome process: 0, # seconds since last reboot: 843.34
2023-10-16 15:44:10:INFO:clutch: 1
2023-10-16 15:44:11:INFO:# chrome process: 0, # seconds since last reboot: 953.56
2023-10-16 15:44:11:INFO:2023-10-16 15:44:11.294307
2023-10-16 15:44:11:INFO:killing and restart begin...
2023-10-16 15:44:24:INFO:967.12 seconds since last restart...
2023-10-16 15:46:24:INFO:Sorry, times up
2023-10-16 15:46:25:INFO:# chrome process: 0, # seconds since last reboot: 120.44
2023-10-16 15:48:25:INFO:Sorry, times up
2023-10-16 15:48:25:INFO:# chrome process: 0, # seconds since last reboot: 240.96
2023-10-16 15:50:25:INFO:Sorry, times up
2023-10-16 15:50:26:INFO:# chrome process: 0, # seconds since last reboot: 361.40
2023-10-16 15:52:26:INFO:Sorry, times up
2023-10-16 15:52:26:INFO:# chrome process: 0, # seconds since last reboot: 481.85
2023-10-16 15:54:26:INFO:Sorry, times up
2023-10-16 15:54:27:INFO:# chrome process: 0, # seconds since last reboot: 602.48
2023-10-16 15:55:18:INFO:clutch: 0
2023-10-16 15:55:18:INFO:# chrome process: 0, # seconds since last reboot: 654.13
2023-10-16 15:55:18:INFO:2023-10-16 15:55:18.984077
2023-10-16 15:55:18:INFO:killing and restart begin...
2023-10-16 15:55:43:INFO:EXIT
2023-10-16 15:55:49:INFO:clutch: 1
2023-10-16 15:55:49:INFO:# chrome process: 0, # seconds since last reboot: 1.75
2023-10-16 15:55:49:INFO:2023-10-16 15:55:49.786395
2023-10-16 15:55:49:INFO:killing and restart begin...
2023-10-16 15:55:58:INFO:10.08 seconds since last restart...
2023-10-16 15:57:35:INFO:clutch: 1
2023-10-16 15:57:35:INFO:# chrome process: 0, # seconds since last reboot: 97.58
2023-10-16 15:57:35:INFO:2023-10-16 15:57:35.701661
2023-10-16 15:57:35:INFO:killing and restart begin...
2023-10-16 15:57:49:INFO:110.98 seconds since last restart...
2023-10-16 15:58:37:INFO:Sorry, times up
2023-10-16 15:58:38:INFO:# chrome process: 0, # seconds since last reboot: 49.18
2023-10-16 15:58:40:INFO:clutch: 1
2023-10-16 15:58:40:INFO:# chrome process: 0, # seconds since last reboot: 51.78
2023-10-16 15:58:40:INFO:2023-10-16 15:58:40.883388
2023-10-16 15:58:40:INFO:killing and restart begin...
2023-10-16 15:58:54:INFO:65.45 seconds since last restart...
2023-10-16 16:00:01:INFO:clutch: 1
2023-10-16 16:00:01:INFO:# chrome process: 0, # seconds since last reboot: 67.08
2023-10-16 16:00:01:INFO:2023-10-16 16:00:01.633772
2023-10-16 16:00:01:INFO:killing and restart begin...
2023-10-16 16:00:15:INFO:80.55 seconds since last restart...
2023-10-16 16:02:15:INFO:Sorry, times up
2023-10-16 16:02:15:INFO:# chrome process: 0, # seconds since last reboot: 120.44
2023-10-16 16:04:15:INFO:Sorry, times up
2023-10-16 16:04:16:INFO:# chrome process: 0, # seconds since last reboot: 240.92
2023-10-16 16:06:16:INFO:Sorry, times up
2023-10-16 16:06:16:INFO:# chrome process: 0, # seconds since last reboot: 361.39
2023-10-16 16:08:16:INFO:Sorry, times up
2023-10-16 16:08:16:INFO:# chrome process: 0, # seconds since last reboot: 481.82
2023-10-16 16:10:16:INFO:Sorry, times up
2023-10-16 16:10:17:INFO:# chrome process: 0, # seconds since last reboot: 602.34
2023-10-16 16:12:17:INFO:Sorry, times up
2023-10-16 16:12:17:INFO:# chrome process: 0, # seconds since last reboot: 722.78
2023-10-16 16:13:46:INFO:clutch: 1
2023-10-16 16:13:46:INFO:# chrome process: 0, # seconds since last reboot: 811.80
2023-10-16 16:13:46:INFO:2023-10-16 16:13:46.903471
2023-10-16 16:13:46:INFO:killing and restart begin...
2023-10-16 16:14:00:INFO:825.34 seconds since last restart...
2023-10-16 16:16:00:INFO:Sorry, times up
2023-10-16 16:16:00:INFO:# chrome process: 0, # seconds since last reboot: 120.48
2023-10-16 16:16:14:INFO:clutch: 1
2023-10-16 16:16:14:INFO:# chrome process: 0, # seconds since last reboot: 134.22
2023-10-16 16:16:14:INFO:2023-10-16 16:16:14.657802
2023-10-16 16:16:14:INFO:killing and restart begin...
2023-10-16 16:16:28:INFO:147.81 seconds since last restart...
2023-10-16 16:18:28:INFO:Sorry, times up
2023-10-16 16:18:29:INFO:# chrome process: 0, # seconds since last reboot: 120.81
2023-10-16 16:20:29:INFO:Sorry, times up
2023-10-16 16:20:29:INFO:# chrome process: 0, # seconds since last reboot: 241.26
2023-10-16 16:22:29:INFO:Sorry, times up
2023-10-16 16:22:30:INFO:# chrome process: 0, # seconds since last reboot: 361.79
2023-10-16 16:24:30:INFO:Sorry, times up
2023-10-16 16:24:30:INFO:# chrome process: 0, # seconds since last reboot: 482.29
2023-10-16 16:26:30:INFO:Sorry, times up
2023-10-16 16:26:31:INFO:# chrome process: 33, # seconds since last reboot: 603.43
2023-10-16 16:28:31:INFO:Sorry, times up
2023-10-16 16:28:32:INFO:# chrome process: 37, # seconds since last reboot: 724.16
2023-10-16 16:30:32:INFO:Sorry, times up
2023-10-16 16:30:33:INFO:# chrome process: 44, # seconds since last reboot: 845.04
2023-10-16 16:30:58:INFO:clutch: 0
2023-10-16 16:30:59:INFO:# chrome process: 44, # seconds since last reboot: 871.46
2023-10-16 16:30:59:INFO:2023-10-16 16:30:59.710559
2023-10-16 16:30:59:INFO:killing and restart begin...
2023-10-16 16:32:06:INFO:EXIT
